<?xml version="1.0" encoding="UTF-8"?>
<testng-results ignored="0" total="1" passed="1" failed="0" skipped="0">
  <reporter-output>
  </reporter-output>
  <suite started-at="2023-01-31T13:03:52 IST" name="Default suite" finished-at="2023-01-31T13:03:52 IST" duration-ms="39">
    <groups>
    </groups>
    <test started-at="2023-01-31T13:03:52 IST" name="Default test" finished-at="2023-01-31T13:03:52 IST" duration-ms="39">
      <class name="restAssuredPack.RestAssuredAPITest">
        <test-method signature="f()[pri:0, instance:restAssuredPack.RestAssuredAPITest@77eca502]" started-at="2023-01-31T13:03:52 IST" name="f" finished-at="2023-01-31T13:03:52 IST" duration-ms="6" status="PASS">
          <reporter-output>
          </reporter-output>
        </test-method> <!-- f -->
      </class> <!-- restAssuredPack.RestAssuredAPITest -->
    </test> <!-- Default test -->
  </suite> <!-- Default suite -->
</testng-results>
